[debug] [2020-09-13T08:29:34.846Z] ----------------------------------------------------------------------
[debug] [2020-09-13T08:29:34.849Z] Command:       C:\Program Files\nodejs\node.exe C:\Users\whatsupabhijit\AppData\Roaming\npm\node_modules\firebase-tools\lib\bin\firebase.js emulators:start
[debug] [2020-09-13T08:29:34.849Z] CLI Version:   8.10.0
[debug] [2020-09-13T08:29:34.849Z] Platform:      win32
[debug] [2020-09-13T08:29:34.849Z] Node Version:  v14.9.0
[debug] [2020-09-13T08:29:34.851Z] Time:          Sun Sep 13 2020 08:29:34 GMT+0000 (Greenwich Mean Time)
[debug] [2020-09-13T08:29:34.851Z] ----------------------------------------------------------------------
[debug] [2020-09-13T08:29:34.851Z] 
[debug] [2020-09-13T08:29:34.861Z] > command requires scopes: ["email","openid","https://www.googleapis.com/auth/cloudplatformprojects.readonly","https://www.googleapis.com/auth/firebase","https://www.googleapis.com/auth/cloud-platform"]
[debug] [2020-09-13T08:29:34.862Z] > authorizing via signed-in user
[info] i  emulators: Starting emulators: functions, hosting {"metadata":{"emulator":{"name":"hub"},"message":"Starting emulators: functions, hosting"}}
[debug] [2020-09-13T08:29:34.906Z] [hub] writing locator at C:\Users\whatsupabhijit\AppData\Local\Temp\hub-clone-react-133ca.json
[warn] !  functions: The following emulators are not running, calls to these services from the Functions emulator will affect production: firestore, database, pubsub {"metadata":{"emulator":{"name":"functions"},"message":"The following emulators are not running, calls to these services from the Functions emulator will affect production: \u001b[1mfirestore, database, pubsub\u001b[22m"}}
[warn] !  Your requested "node" version "10" doesn't match your global version "14" {"metadata":{"emulator":{"name":"functions"},"message":"Your requested \"node\" version \"10\" doesn't match your global version \"14\""}}
[debug] [2020-09-13T08:29:34.944Z] defaultcredentials: writing to file C:\Users\whatsupabhijit\AppData\Roaming\firebase\abhijit662000_gmail_com_application_default_credentials.json
[debug] [2020-09-13T08:29:34.947Z] Setting GAC to C:\Users\whatsupabhijit\AppData\Roaming\firebase\abhijit662000_gmail_com_application_default_credentials.json {"metadata":{"emulator":{"name":"functions"},"message":"Setting GAC to C:\\Users\\whatsupabhijit\\AppData\\Roaming\\firebase\\abhijit662000_gmail_com_application_default_credentials.json"}}
[debug] [2020-09-13T08:29:34.957Z] >>> HTTP REQUEST GET https://firebase.googleapis.com/v1beta1/projects/clone-react-133ca/webApps/-/config  
 
[debug] [2020-09-13T08:29:36.232Z] <<< HTTP RESPONSE 200 {"content-type":"application/json; charset=UTF-8","vary":"X-Origin, Referer, Origin,Accept-Encoding","date":"Sun, 13 Sep 2020 08:29:36 GMT","server":"ESF","cache-control":"private","x-xss-protection":"0","x-frame-options":"SAMEORIGIN","x-content-type-options":"nosniff","alt-svc":"h3-29=\":443\"; ma=2592000,h3-27=\":443\"; ma=2592000,h3-T051=\":443\"; ma=2592000,h3-T050=\":443\"; ma=2592000,h3-Q050=\":443\"; ma=2592000,h3-Q046=\":443\"; ma=2592000,h3-Q043=\":443\"; ma=2592000,quic=\":443\"; ma=2592000; v=\"46,43\"","accept-ranges":"none","transfer-encoding":"chunked"}
[info] i  hosting: Serving hosting files from: build {"metadata":{"emulator":{"name":"hosting"},"message":"Serving hosting files from: \u001b[1mbuild\u001b[22m"}}
[info] +  hosting: Local server: http://localhost:5000 {"metadata":{"emulator":{"name":"hosting"},"message":"Local server: \u001b[4m\u001b[1mhttp://localhost:5000\u001b[22m\u001b[24m"}}
[debug] [2020-09-13T08:29:36.278Z] Ignoring unsupported arg: auto_download {"metadata":{"emulator":{"name":"ui"},"message":"Ignoring unsupported arg: auto_download"}}
[debug] [2020-09-13T08:29:36.278Z] Ignoring unsupported arg: port {"metadata":{"emulator":{"name":"ui"},"message":"Ignoring unsupported arg: port"}}
[debug] [2020-09-13T08:29:36.279Z] Starting Emulator UI with command {"binary":"node","args":["C:\\Users\\whatsupabhijit\\.cache\\firebase\\emulators\\ui-v1.1.1\\server.bundle.js"],"optionalArgs":[],"joinArgs":false} {"metadata":{"emulator":{"name":"ui"},"message":"Starting Emulator UI with command {\"binary\":\"node\",\"args\":[\"C:\\\\Users\\\\whatsupabhijit\\\\.cache\\\\firebase\\\\emulators\\\\ui-v1.1.1\\\\server.bundle.js\"],\"optionalArgs\":[],\"joinArgs\":false}"}}
[info] i  ui: Emulator UI logging to ui-debug.log {"metadata":{"emulator":{"name":"ui"},"message":"Emulator UI logging to \u001b[1mui-debug.log\u001b[22m"}}
[debug] [2020-09-13T08:29:36.434Z] Web / API server started at http://localhost:4000
 {"metadata":{"emulator":{"name":"ui"},"message":"Web / API server started at http://localhost:4000\n"}}
[info] i  functions: Watching "C:\webdevprojects\amazon-clone-react\functions" for Cloud Functions... {"metadata":{"emulator":{"name":"functions"},"message":"Watching \"C:\\webdevprojects\\amazon-clone-react\\functions\" for Cloud Functions..."}}
[debug] [2020-09-13T08:29:36.555Z] [worker-pool] addWorker(~diagnostic~) {"metadata":{"emulator":{"name":"functions"},"message":"[worker-pool] addWorker(~diagnostic~)"}}
[debug] [2020-09-13T08:29:36.555Z] [worker-pool] Adding worker with key ~diagnostic~, total=1 {"metadata":{"emulator":{"name":"functions"},"message":"[worker-pool] Adding worker with key ~diagnostic~, total=1"}}
[debug] [2020-09-13T08:29:36.555Z] [worker-pool] submitWork(triggerId=) {"metadata":{"emulator":{"name":"functions"},"message":"[worker-pool] submitWork(triggerId=)"}}
[debug] [2020-09-13T08:29:36.555Z] [worker-~diagnostic~-74f890e4-55ea-45e7-8ae7-ed3e7fcfea9f]: Assigning socketPath: \\?\pipe\C:\webdevprojects\amazon-clone-react\functions\3816 {"metadata":{"emulator":{"name":"functions"},"message":"[worker-~diagnostic~-74f890e4-55ea-45e7-8ae7-ed3e7fcfea9f]: Assigning socketPath: \\\\?\\pipe\\C:\\webdevprojects\\amazon-clone-react\\functions\\3816"}}
[debug] [2020-09-13T08:29:36.556Z] [worker-~diagnostic~-74f890e4-55ea-45e7-8ae7-ed3e7fcfea9f]: BUSY {"metadata":{"emulator":{"name":"functions"},"message":"[worker-~diagnostic~-74f890e4-55ea-45e7-8ae7-ed3e7fcfea9f]: BUSY"}}
[debug] [2020-09-13T08:29:37.103Z] [runtime-status] [3816] Functions runtime initialized. {"cwd":"C:\\webdevprojects\\amazon-clone-react\\functions","node_version":"14.9.0"} {"metadata":{"emulator":{"name":"functions"},"message":"[runtime-status] [3816] Functions runtime initialized. {\"cwd\":\"C:\\\\webdevprojects\\\\amazon-clone-react\\\\functions\",\"node_version\":\"14.9.0\"}"}}
[debug] [2020-09-13T08:29:37.103Z] [runtime-status] [3816] Disabled runtime features: undefined {"metadata":{"emulator":{"name":"functions"},"message":"[runtime-status] [3816] Disabled runtime features: undefined"}}
[debug] [2020-09-13T08:29:37.119Z] [runtime-status] [3816] Resolved module firebase-admin {"declared":true,"installed":true,"version":"8.13.0","resolution":"C:\\webdevprojects\\amazon-clone-react\\functions\\node_modules\\firebase-admin\\lib\\index.js"} {"metadata":{"emulator":{"name":"functions"},"message":"[runtime-status] [3816] Resolved module firebase-admin {\"declared\":true,\"installed\":true,\"version\":\"8.13.0\",\"resolution\":\"C:\\\\webdevprojects\\\\amazon-clone-react\\\\functions\\\\node_modules\\\\firebase-admin\\\\lib\\\\index.js\"}"}}
[debug] [2020-09-13T08:29:37.119Z] [runtime-status] [3816] Resolved module firebase-functions {"declared":true,"installed":true,"version":"3.11.0","resolution":"C:\\webdevprojects\\amazon-clone-react\\functions\\node_modules\\firebase-functions\\lib\\index.js"} {"metadata":{"emulator":{"name":"functions"},"message":"[runtime-status] [3816] Resolved module firebase-functions {\"declared\":true,\"installed\":true,\"version\":\"3.11.0\",\"resolution\":\"C:\\\\webdevprojects\\\\amazon-clone-react\\\\functions\\\\node_modules\\\\firebase-functions\\\\lib\\\\index.js\"}"}}
[debug] [2020-09-13T08:29:37.119Z] [runtime-status] [3816] Resolved module firebase-functions {"declared":true,"installed":true,"version":"3.11.0","resolution":"C:\\webdevprojects\\amazon-clone-react\\functions\\node_modules\\firebase-functions\\lib\\index.js"} {"metadata":{"emulator":{"name":"functions"},"message":"[runtime-status] [3816] Resolved module firebase-functions {\"declared\":true,\"installed\":true,\"version\":\"3.11.0\",\"resolution\":\"C:\\\\webdevprojects\\\\amazon-clone-react\\\\functions\\\\node_modules\\\\firebase-functions\\\\lib\\\\index.js\"}"}}
[debug] [2020-09-13T08:29:37.119Z] [runtime-status] [3816] Outgoing network have been stubbed. [{"name":"http","status":"mocked"},{"name":"http","status":"mocked"},{"name":"https","status":"mocked"},{"name":"https","status":"mocked"},{"name":"net","status":"mocked"}] {"metadata":{"emulator":{"name":"functions"},"message":"[runtime-status] [3816] Outgoing network have been stubbed. [{\"name\":\"http\",\"status\":\"mocked\"},{\"name\":\"http\",\"status\":\"mocked\"},{\"name\":\"https\",\"status\":\"mocked\"},{\"name\":\"https\",\"status\":\"mocked\"},{\"name\":\"net\",\"status\":\"mocked\"}]"}}
[debug] [2020-09-13T08:29:37.119Z] [runtime-status] [3816] Resolved module firebase-functions {"declared":true,"installed":true,"version":"3.11.0","resolution":"C:\\webdevprojects\\amazon-clone-react\\functions\\node_modules\\firebase-functions\\lib\\index.js"} {"metadata":{"emulator":{"name":"functions"},"message":"[runtime-status] [3816] Resolved module firebase-functions {\"declared\":true,\"installed\":true,\"version\":\"3.11.0\",\"resolution\":\"C:\\\\webdevprojects\\\\amazon-clone-react\\\\functions\\\\node_modules\\\\firebase-functions\\\\lib\\\\index.js\"}"}}
[debug] [2020-09-13T08:29:37.181Z] [runtime-status] [3816] Checked functions.config() {"config":{}} {"metadata":{"emulator":{"name":"functions"},"message":"[runtime-status] [3816] Checked functions.config() {\"config\":{}}"}}
[debug] [2020-09-13T08:29:37.181Z] [runtime-status] [3816] firebase-functions has been stubbed. {"functionsResolution":{"declared":true,"installed":true,"version":"3.11.0","resolution":"C:\\webdevprojects\\amazon-clone-react\\functions\\node_modules\\firebase-functions\\lib\\index.js"}} {"metadata":{"emulator":{"name":"functions"},"message":"[runtime-status] [3816] firebase-functions has been stubbed. {\"functionsResolution\":{\"declared\":true,\"installed\":true,\"version\":\"3.11.0\",\"resolution\":\"C:\\\\webdevprojects\\\\amazon-clone-react\\\\functions\\\\node_modules\\\\firebase-functions\\\\lib\\\\index.js\"}}"}}
[debug] [2020-09-13T08:29:37.181Z] [runtime-status] [3816] Resolved module firebase-functions {"declared":true,"installed":true,"version":"3.11.0","resolution":"C:\\webdevprojects\\amazon-clone-react\\functions\\node_modules\\firebase-functions\\lib\\index.js"} {"metadata":{"emulator":{"name":"functions"},"message":"[runtime-status] [3816] Resolved module firebase-functions {\"declared\":true,\"installed\":true,\"version\":\"3.11.0\",\"resolution\":\"C:\\\\webdevprojects\\\\amazon-clone-react\\\\functions\\\\node_modules\\\\firebase-functions\\\\lib\\\\index.js\"}"}}
[debug] [2020-09-13T08:29:37.181Z] [runtime-status] [3816] Resolved module firebase-admin {"declared":true,"installed":true,"version":"8.13.0","resolution":"C:\\webdevprojects\\amazon-clone-react\\functions\\node_modules\\firebase-admin\\lib\\index.js"} {"metadata":{"emulator":{"name":"functions"},"message":"[runtime-status] [3816] Resolved module firebase-admin {\"declared\":true,\"installed\":true,\"version\":\"8.13.0\",\"resolution\":\"C:\\\\webdevprojects\\\\amazon-clone-react\\\\functions\\\\node_modules\\\\firebase-admin\\\\lib\\\\index.js\"}"}}
[debug] [2020-09-13T08:29:37.181Z] [runtime-status] [3816] Resolved module firebase-functions {"declared":true,"installed":true,"version":"3.11.0","resolution":"C:\\webdevprojects\\amazon-clone-react\\functions\\node_modules\\firebase-functions\\lib\\index.js"} {"metadata":{"emulator":{"name":"functions"},"message":"[runtime-status] [3816] Resolved module firebase-functions {\"declared\":true,\"installed\":true,\"version\":\"3.11.0\",\"resolution\":\"C:\\\\webdevprojects\\\\amazon-clone-react\\\\functions\\\\node_modules\\\\firebase-functions\\\\lib\\\\index.js\"}"}}
[debug] [2020-09-13T08:29:37.181Z] [runtime-status] [3816] firebase-admin has been stubbed. {"adminResolution":{"declared":true,"installed":true,"version":"8.13.0","resolution":"C:\\webdevprojects\\amazon-clone-react\\functions\\node_modules\\firebase-admin\\lib\\index.js"}} {"metadata":{"emulator":{"name":"functions"},"message":"[runtime-status] [3816] firebase-admin has been stubbed. {\"adminResolution\":{\"declared\":true,\"installed\":true,\"version\":\"8.13.0\",\"resolution\":\"C:\\\\webdevprojects\\\\amazon-clone-react\\\\functions\\\\node_modules\\\\firebase-admin\\\\lib\\\\index.js\"}}"}}
[info] +  functions[api]: http function initialized (http://localhost:5001/clone-react-133ca/us-central1/api). {"metadata":{"emulator":{"name":"functions"},"message":"\u001b[1mhttp\u001b[22m function initialized (http://localhost:5001/clone-react-133ca/us-central1/api)."}}
[info] 
┌───────────────────────────────────────────────────────────────────────┐
│ ✔  All emulators ready! View status and logs at http://localhost:4000 │
└───────────────────────────────────────────────────────────────────────┘

┌───────────┬────────────────┬─────────────────────────────────┐
│ Emulator  │ Host:Port      │ View in Emulator UI             │
├───────────┼────────────────┼─────────────────────────────────┤
│ Functions │ localhost:5001 │ http://localhost:4000/functions │
├───────────┼────────────────┼─────────────────────────────────┤
│ Hosting   │ localhost:5000 │ n/a                             │
└───────────┴────────────────┴─────────────────────────────────┘
  Other reserved ports: 4400, 4500

Issues? Report them at https://github.com/firebase/firebase-tools/issues and attach the *-debug.log files.
 
[debug] [2020-09-13T08:29:37.391Z] [worker-~diagnostic~-74f890e4-55ea-45e7-8ae7-ed3e7fcfea9f]: IDLE {"metadata":{"emulator":{"name":"functions"},"message":"[worker-~diagnostic~-74f890e4-55ea-45e7-8ae7-ed3e7fcfea9f]: IDLE"}}
[debug] [2020-09-13T08:34:00.144Z] [work-queue] {"queueLength":1,"workRunningCount":0}
[debug] [2020-09-13T08:34:00.145Z] [work-queue] {"queueLength":0,"workRunningCount":1}
[debug] [2020-09-13T08:34:00.145Z] Accepted request GET /clone-react-133ca/us-central1/api --> api
[debug] [2020-09-13T08:34:00.152Z] [worker-pool] addWorker(api) {"metadata":{"emulator":{"name":"functions"},"message":"[worker-pool] addWorker(api)"}}
[debug] [2020-09-13T08:34:00.152Z] [worker-pool] Adding worker with key api, total=1 {"metadata":{"emulator":{"name":"functions"},"message":"[worker-pool] Adding worker with key api, total=1"}}
[debug] [2020-09-13T08:34:00.153Z] [worker-pool] submitWork(triggerId=api) {"metadata":{"emulator":{"name":"functions"},"message":"[worker-pool] submitWork(triggerId=api)"}}
[debug] [2020-09-13T08:34:00.153Z] [worker-api-aeb4deb5-b807-4d57-a797-ed2fa82c140a]: Assigning socketPath: \\?\pipe\C:\webdevprojects\amazon-clone-react\functions\8272 {"metadata":{"emulator":{"name":"functions"},"message":"[worker-api-aeb4deb5-b807-4d57-a797-ed2fa82c140a]: Assigning socketPath: \\\\?\\pipe\\C:\\webdevprojects\\amazon-clone-react\\functions\\8272"}}
[debug] [2020-09-13T08:34:00.153Z] [worker-api-aeb4deb5-b807-4d57-a797-ed2fa82c140a]: BUSY {"metadata":{"emulator":{"name":"functions"},"message":"[worker-api-aeb4deb5-b807-4d57-a797-ed2fa82c140a]: BUSY"}}
[debug] [2020-09-13T08:34:00.719Z] [runtime-status] [8272] Functions runtime initialized. {"cwd":"C:\\webdevprojects\\amazon-clone-react\\functions","node_version":"14.9.0"} {"metadata":{"emulator":{"name":"functions"},"function":{"name":"api"},"message":"[runtime-status] [8272] Functions runtime initialized. {\"cwd\":\"C:\\\\webdevprojects\\\\amazon-clone-react\\\\functions\",\"node_version\":\"14.9.0\"}"}}
[debug] [2020-09-13T08:34:00.726Z] [runtime-status] [8272] Disabled runtime features: undefined {"metadata":{"emulator":{"name":"functions"},"function":{"name":"api"},"message":"[runtime-status] [8272] Disabled runtime features: undefined"}}
[debug] [2020-09-13T08:34:00.731Z] [runtime-status] [8272] Resolved module firebase-admin {"declared":true,"installed":true,"version":"8.13.0","resolution":"C:\\webdevprojects\\amazon-clone-react\\functions\\node_modules\\firebase-admin\\lib\\index.js"} {"metadata":{"emulator":{"name":"functions"},"function":{"name":"api"},"message":"[runtime-status] [8272] Resolved module firebase-admin {\"declared\":true,\"installed\":true,\"version\":\"8.13.0\",\"resolution\":\"C:\\\\webdevprojects\\\\amazon-clone-react\\\\functions\\\\node_modules\\\\firebase-admin\\\\lib\\\\index.js\"}"}}
[debug] [2020-09-13T08:34:00.733Z] [runtime-status] [8272] Resolved module firebase-functions {"declared":true,"installed":true,"version":"3.11.0","resolution":"C:\\webdevprojects\\amazon-clone-react\\functions\\node_modules\\firebase-functions\\lib\\index.js"} {"metadata":{"emulator":{"name":"functions"},"function":{"name":"api"},"message":"[runtime-status] [8272] Resolved module firebase-functions {\"declared\":true,\"installed\":true,\"version\":\"3.11.0\",\"resolution\":\"C:\\\\webdevprojects\\\\amazon-clone-react\\\\functions\\\\node_modules\\\\firebase-functions\\\\lib\\\\index.js\"}"}}
[debug] [2020-09-13T08:34:00.736Z] [runtime-status] [8272] Resolved module firebase-functions {"declared":true,"installed":true,"version":"3.11.0","resolution":"C:\\webdevprojects\\amazon-clone-react\\functions\\node_modules\\firebase-functions\\lib\\index.js"} {"metadata":{"emulator":{"name":"functions"},"function":{"name":"api"},"message":"[runtime-status] [8272] Resolved module firebase-functions {\"declared\":true,\"installed\":true,\"version\":\"3.11.0\",\"resolution\":\"C:\\\\webdevprojects\\\\amazon-clone-react\\\\functions\\\\node_modules\\\\firebase-functions\\\\lib\\\\index.js\"}"}}
[debug] [2020-09-13T08:34:00.738Z] [runtime-status] [8272] Outgoing network have been stubbed. [{"name":"http","status":"mocked"},{"name":"http","status":"mocked"},{"name":"https","status":"mocked"},{"name":"https","status":"mocked"},{"name":"net","status":"mocked"}] {"metadata":{"emulator":{"name":"functions"},"function":{"name":"api"},"message":"[runtime-status] [8272] Outgoing network have been stubbed. [{\"name\":\"http\",\"status\":\"mocked\"},{\"name\":\"http\",\"status\":\"mocked\"},{\"name\":\"https\",\"status\":\"mocked\"},{\"name\":\"https\",\"status\":\"mocked\"},{\"name\":\"net\",\"status\":\"mocked\"}]"}}
[debug] [2020-09-13T08:34:00.739Z] [runtime-status] [8272] Resolved module firebase-functions {"declared":true,"installed":true,"version":"3.11.0","resolution":"C:\\webdevprojects\\amazon-clone-react\\functions\\node_modules\\firebase-functions\\lib\\index.js"} {"metadata":{"emulator":{"name":"functions"},"function":{"name":"api"},"message":"[runtime-status] [8272] Resolved module firebase-functions {\"declared\":true,\"installed\":true,\"version\":\"3.11.0\",\"resolution\":\"C:\\\\webdevprojects\\\\amazon-clone-react\\\\functions\\\\node_modules\\\\firebase-functions\\\\lib\\\\index.js\"}"}}
[debug] [2020-09-13T08:34:00.803Z] [runtime-status] [8272] Checked functions.config() {"config":{}} {"metadata":{"emulator":{"name":"functions"},"function":{"name":"api"},"message":"[runtime-status] [8272] Checked functions.config() {\"config\":{}}"}}
[debug] [2020-09-13T08:34:00.803Z] [runtime-status] [8272] firebase-functions has been stubbed. {"functionsResolution":{"declared":true,"installed":true,"version":"3.11.0","resolution":"C:\\webdevprojects\\amazon-clone-react\\functions\\node_modules\\firebase-functions\\lib\\index.js"}} {"metadata":{"emulator":{"name":"functions"},"function":{"name":"api"},"message":"[runtime-status] [8272] firebase-functions has been stubbed. {\"functionsResolution\":{\"declared\":true,\"installed\":true,\"version\":\"3.11.0\",\"resolution\":\"C:\\\\webdevprojects\\\\amazon-clone-react\\\\functions\\\\node_modules\\\\firebase-functions\\\\lib\\\\index.js\"}}"}}
[debug] [2020-09-13T08:34:00.804Z] [runtime-status] [8272] Resolved module firebase-functions {"declared":true,"installed":true,"version":"3.11.0","resolution":"C:\\webdevprojects\\amazon-clone-react\\functions\\node_modules\\firebase-functions\\lib\\index.js"} {"metadata":{"emulator":{"name":"functions"},"function":{"name":"api"},"message":"[runtime-status] [8272] Resolved module firebase-functions {\"declared\":true,\"installed\":true,\"version\":\"3.11.0\",\"resolution\":\"C:\\\\webdevprojects\\\\amazon-clone-react\\\\functions\\\\node_modules\\\\firebase-functions\\\\lib\\\\index.js\"}"}}
[debug] [2020-09-13T08:34:00.805Z] [runtime-status] [8272] Resolved module firebase-admin {"declared":true,"installed":true,"version":"8.13.0","resolution":"C:\\webdevprojects\\amazon-clone-react\\functions\\node_modules\\firebase-admin\\lib\\index.js"} {"metadata":{"emulator":{"name":"functions"},"function":{"name":"api"},"message":"[runtime-status] [8272] Resolved module firebase-admin {\"declared\":true,\"installed\":true,\"version\":\"8.13.0\",\"resolution\":\"C:\\\\webdevprojects\\\\amazon-clone-react\\\\functions\\\\node_modules\\\\firebase-admin\\\\lib\\\\index.js\"}"}}
[debug] [2020-09-13T08:34:00.806Z] [runtime-status] [8272] Resolved module firebase-functions {"declared":true,"installed":true,"version":"3.11.0","resolution":"C:\\webdevprojects\\amazon-clone-react\\functions\\node_modules\\firebase-functions\\lib\\index.js"} {"metadata":{"emulator":{"name":"functions"},"function":{"name":"api"},"message":"[runtime-status] [8272] Resolved module firebase-functions {\"declared\":true,\"installed\":true,\"version\":\"3.11.0\",\"resolution\":\"C:\\\\webdevprojects\\\\amazon-clone-react\\\\functions\\\\node_modules\\\\firebase-functions\\\\lib\\\\index.js\"}"}}
[debug] [2020-09-13T08:34:00.807Z] [runtime-status] [8272] firebase-admin has been stubbed. {"adminResolution":{"declared":true,"installed":true,"version":"8.13.0","resolution":"C:\\webdevprojects\\amazon-clone-react\\functions\\node_modules\\firebase-admin\\lib\\index.js"}} {"metadata":{"emulator":{"name":"functions"},"function":{"name":"api"},"message":"[runtime-status] [8272] firebase-admin has been stubbed. {\"adminResolution\":{\"declared\":true,\"installed\":true,\"version\":\"8.13.0\",\"resolution\":\"C:\\\\webdevprojects\\\\amazon-clone-react\\\\functions\\\\node_modules\\\\firebase-admin\\\\lib\\\\index.js\"}}"}}
[debug] [2020-09-13T08:34:01.021Z] [runtime-status] [8272] Trigger "api" has been found, beginning invocation! {"metadata":{"emulator":{"name":"functions"},"function":{"name":"api"},"message":"[runtime-status] [8272] Trigger \"api\" has been found, beginning invocation!"}}
[info] i  functions: Beginning execution of "api" {"metadata":{"emulator":{"name":"functions"},"function":{"name":"api"},"message":"Beginning execution of \"api\""}}
[debug] [2020-09-13T08:34:01.023Z] [runtime-status] [8272] triggerDefinition {"httpsTrigger":{},"name":"api","entryPoint":"api"} {"metadata":{"emulator":{"name":"functions"},"function":{"name":"api"},"message":"[runtime-status] [8272] triggerDefinition {\"httpsTrigger\":{},\"name\":\"api\",\"entryPoint\":\"api\"}"}}
[debug] [2020-09-13T08:34:01.023Z] [runtime-status] [8272] Running api in mode HTTPS {"metadata":{"emulator":{"name":"functions"},"function":{"name":"api"},"message":"[runtime-status] [8272] Running api in mode HTTPS"}}
[debug] [2020-09-13T08:34:01.027Z] [runtime-status] [8272] Attempting to listen to socketPath: \\?\pipe\C:\webdevprojects\amazon-clone-react\functions\8272 {"metadata":{"emulator":{"name":"functions"},"function":{"name":"api"},"message":"[runtime-status] [8272] Attempting to listen to socketPath: \\\\?\\pipe\\C:\\webdevprojects\\amazon-clone-react\\functions\\8272"}}
[debug] [2020-09-13T08:34:01.030Z] [functions] Runtime ready! Sending request! {"metadata":{"emulator":{"name":"functions"},"message":"[functions] Runtime ready! Sending request!"}}
[debug] [2020-09-13T08:34:01.040Z] [runtime-status] [8272] Ephemeral server handling GET request {"metadata":{"emulator":{"name":"functions"},"function":{"name":"api"},"message":"[runtime-status] [8272] Ephemeral server handling GET request"}}
[debug] [2020-09-13T08:34:01.049Z] [runtime-status] [8272] Ephemeral server survived. {"metadata":{"emulator":{"name":"functions"},"function":{"name":"api"},"message":"[runtime-status] [8272] Ephemeral server survived."}}
[info] i  functions: Finished "api" in ~1s {"metadata":{"emulator":{"name":"functions"},"function":{"name":"api"},"message":"Finished \"api\" in ~1s"}}
[debug] [2020-09-13T08:34:01.052Z] [worker-api-aeb4deb5-b807-4d57-a797-ed2fa82c140a]: IDLE {"metadata":{"emulator":{"name":"functions"},"message":"[worker-api-aeb4deb5-b807-4d57-a797-ed2fa82c140a]: IDLE"}}
[debug] [2020-09-13T08:34:01.053Z] [work-queue] {"queueLength":0,"workRunningCount":0}
[debug] [2020-09-13T08:34:22.217Z] File C:\webdevprojects\amazon-clone-react\functions\index.js changed, reloading triggers {"metadata":{"emulator":{"name":"functions"},"message":"File C:\\webdevprojects\\amazon-clone-react\\functions\\index.js changed, reloading triggers"}}
[debug] [2020-09-13T08:34:23.224Z] [worker-pool] Shutting down IDLE worker (~diagnostic~) {"metadata":{"emulator":{"name":"functions"},"message":"[worker-pool] Shutting down IDLE worker (~diagnostic~)"}}
[debug] [2020-09-13T08:34:23.224Z] [worker-~diagnostic~-74f890e4-55ea-45e7-8ae7-ed3e7fcfea9f]: FINISHING {"metadata":{"emulator":{"name":"functions"},"message":"[worker-~diagnostic~-74f890e4-55ea-45e7-8ae7-ed3e7fcfea9f]: FINISHING"}}
[debug] [2020-09-13T08:34:23.224Z] [worker-pool] Shutting down IDLE worker (api) {"metadata":{"emulator":{"name":"functions"},"message":"[worker-pool] Shutting down IDLE worker (api)"}}
[debug] [2020-09-13T08:34:23.224Z] [worker-api-aeb4deb5-b807-4d57-a797-ed2fa82c140a]: FINISHING {"metadata":{"emulator":{"name":"functions"},"message":"[worker-api-aeb4deb5-b807-4d57-a797-ed2fa82c140a]: FINISHING"}}
[debug] [2020-09-13T08:34:23.224Z] [worker-pool] addWorker(~diagnostic~) {"metadata":{"emulator":{"name":"functions"},"message":"[worker-pool] addWorker(~diagnostic~)"}}
[debug] [2020-09-13T08:34:23.224Z] [worker-pool] Adding worker with key ~diagnostic~, total=2 {"metadata":{"emulator":{"name":"functions"},"message":"[worker-pool] Adding worker with key ~diagnostic~, total=2"}}
[debug] [2020-09-13T08:34:23.224Z] [worker-pool] submitWork(triggerId=) {"metadata":{"emulator":{"name":"functions"},"message":"[worker-pool] submitWork(triggerId=)"}}
[debug] [2020-09-13T08:34:23.224Z] [worker-~diagnostic~-0f82381e-5d54-4ab9-9aad-ec11832d870f]: Assigning socketPath: \\?\pipe\C:\webdevprojects\amazon-clone-react\functions\7728 {"metadata":{"emulator":{"name":"functions"},"message":"[worker-~diagnostic~-0f82381e-5d54-4ab9-9aad-ec11832d870f]: Assigning socketPath: \\\\?\\pipe\\C:\\webdevprojects\\amazon-clone-react\\functions\\7728"}}
[debug] [2020-09-13T08:34:23.224Z] [worker-~diagnostic~-0f82381e-5d54-4ab9-9aad-ec11832d870f]: BUSY {"metadata":{"emulator":{"name":"functions"},"message":"[worker-~diagnostic~-0f82381e-5d54-4ab9-9aad-ec11832d870f]: BUSY"}}
[debug] [2020-09-13T08:34:23.224Z] [worker-~diagnostic~-74f890e4-55ea-45e7-8ae7-ed3e7fcfea9f]: exited {"metadata":{"emulator":{"name":"functions"},"message":"[worker-~diagnostic~-74f890e4-55ea-45e7-8ae7-ed3e7fcfea9f]: exited"}}
[debug] [2020-09-13T08:34:23.224Z] [worker-~diagnostic~-74f890e4-55ea-45e7-8ae7-ed3e7fcfea9f]: FINISHED {"metadata":{"emulator":{"name":"functions"},"message":"[worker-~diagnostic~-74f890e4-55ea-45e7-8ae7-ed3e7fcfea9f]: FINISHED"}}
[debug] [2020-09-13T08:34:23.224Z] [worker-api-aeb4deb5-b807-4d57-a797-ed2fa82c140a]: exited {"metadata":{"emulator":{"name":"functions"},"message":"[worker-api-aeb4deb5-b807-4d57-a797-ed2fa82c140a]: exited"}}
[debug] [2020-09-13T08:34:23.224Z] [worker-api-aeb4deb5-b807-4d57-a797-ed2fa82c140a]: FINISHED {"metadata":{"emulator":{"name":"functions"},"message":"[worker-api-aeb4deb5-b807-4d57-a797-ed2fa82c140a]: FINISHED"}}
[debug] [2020-09-13T08:34:23.790Z] [runtime-status] [7728] Functions runtime initialized. {"cwd":"C:\\webdevprojects\\amazon-clone-react\\functions","node_version":"14.9.0"} {"metadata":{"emulator":{"name":"functions"},"message":"[runtime-status] [7728] Functions runtime initialized. {\"cwd\":\"C:\\\\webdevprojects\\\\amazon-clone-react\\\\functions\",\"node_version\":\"14.9.0\"}"}}
[debug] [2020-09-13T08:34:23.790Z] [runtime-status] [7728] Disabled runtime features: undefined {"metadata":{"emulator":{"name":"functions"},"message":"[runtime-status] [7728] Disabled runtime features: undefined"}}
[debug] [2020-09-13T08:34:23.790Z] [runtime-status] [7728] Resolved module firebase-admin {"declared":true,"installed":true,"version":"8.13.0","resolution":"C:\\webdevprojects\\amazon-clone-react\\functions\\node_modules\\firebase-admin\\lib\\index.js"} {"metadata":{"emulator":{"name":"functions"},"message":"[runtime-status] [7728] Resolved module firebase-admin {\"declared\":true,\"installed\":true,\"version\":\"8.13.0\",\"resolution\":\"C:\\\\webdevprojects\\\\amazon-clone-react\\\\functions\\\\node_modules\\\\firebase-admin\\\\lib\\\\index.js\"}"}}
[debug] [2020-09-13T08:34:23.790Z] [runtime-status] [7728] Resolved module firebase-functions {"declared":true,"installed":true,"version":"3.11.0","resolution":"C:\\webdevprojects\\amazon-clone-react\\functions\\node_modules\\firebase-functions\\lib\\index.js"} {"metadata":{"emulator":{"name":"functions"},"message":"[runtime-status] [7728] Resolved module firebase-functions {\"declared\":true,\"installed\":true,\"version\":\"3.11.0\",\"resolution\":\"C:\\\\webdevprojects\\\\amazon-clone-react\\\\functions\\\\node_modules\\\\firebase-functions\\\\lib\\\\index.js\"}"}}
[debug] [2020-09-13T08:34:23.790Z] [runtime-status] [7728] Resolved module firebase-functions {"declared":true,"installed":true,"version":"3.11.0","resolution":"C:\\webdevprojects\\amazon-clone-react\\functions\\node_modules\\firebase-functions\\lib\\index.js"} {"metadata":{"emulator":{"name":"functions"},"message":"[runtime-status] [7728] Resolved module firebase-functions {\"declared\":true,\"installed\":true,\"version\":\"3.11.0\",\"resolution\":\"C:\\\\webdevprojects\\\\amazon-clone-react\\\\functions\\\\node_modules\\\\firebase-functions\\\\lib\\\\index.js\"}"}}
[debug] [2020-09-13T08:34:23.805Z] [runtime-status] [7728] Outgoing network have been stubbed. [{"name":"http","status":"mocked"},{"name":"http","status":"mocked"},{"name":"https","status":"mocked"},{"name":"https","status":"mocked"},{"name":"net","status":"mocked"}] {"metadata":{"emulator":{"name":"functions"},"message":"[runtime-status] [7728] Outgoing network have been stubbed. [{\"name\":\"http\",\"status\":\"mocked\"},{\"name\":\"http\",\"status\":\"mocked\"},{\"name\":\"https\",\"status\":\"mocked\"},{\"name\":\"https\",\"status\":\"mocked\"},{\"name\":\"net\",\"status\":\"mocked\"}]"}}
[debug] [2020-09-13T08:34:23.808Z] [runtime-status] [7728] Resolved module firebase-functions {"declared":true,"installed":true,"version":"3.11.0","resolution":"C:\\webdevprojects\\amazon-clone-react\\functions\\node_modules\\firebase-functions\\lib\\index.js"} {"metadata":{"emulator":{"name":"functions"},"message":"[runtime-status] [7728] Resolved module firebase-functions {\"declared\":true,\"installed\":true,\"version\":\"3.11.0\",\"resolution\":\"C:\\\\webdevprojects\\\\amazon-clone-react\\\\functions\\\\node_modules\\\\firebase-functions\\\\lib\\\\index.js\"}"}}
[debug] [2020-09-13T08:34:23.870Z] [runtime-status] [7728] Checked functions.config() {"config":{}} {"metadata":{"emulator":{"name":"functions"},"message":"[runtime-status] [7728] Checked functions.config() {\"config\":{}}"}}
[debug] [2020-09-13T08:34:23.871Z] [runtime-status] [7728] firebase-functions has been stubbed. {"functionsResolution":{"declared":true,"installed":true,"version":"3.11.0","resolution":"C:\\webdevprojects\\amazon-clone-react\\functions\\node_modules\\firebase-functions\\lib\\index.js"}} {"metadata":{"emulator":{"name":"functions"},"message":"[runtime-status] [7728] firebase-functions has been stubbed. {\"functionsResolution\":{\"declared\":true,\"installed\":true,\"version\":\"3.11.0\",\"resolution\":\"C:\\\\webdevprojects\\\\amazon-clone-react\\\\functions\\\\node_modules\\\\firebase-functions\\\\lib\\\\index.js\"}}"}}
[debug] [2020-09-13T08:34:23.871Z] [runtime-status] [7728] Resolved module firebase-functions {"declared":true,"installed":true,"version":"3.11.0","resolution":"C:\\webdevprojects\\amazon-clone-react\\functions\\node_modules\\firebase-functions\\lib\\index.js"} {"metadata":{"emulator":{"name":"functions"},"message":"[runtime-status] [7728] Resolved module firebase-functions {\"declared\":true,\"installed\":true,\"version\":\"3.11.0\",\"resolution\":\"C:\\\\webdevprojects\\\\amazon-clone-react\\\\functions\\\\node_modules\\\\firebase-functions\\\\lib\\\\index.js\"}"}}
[debug] [2020-09-13T08:34:23.873Z] [runtime-status] [7728] Resolved module firebase-admin {"declared":true,"installed":true,"version":"8.13.0","resolution":"C:\\webdevprojects\\amazon-clone-react\\functions\\node_modules\\firebase-admin\\lib\\index.js"} {"metadata":{"emulator":{"name":"functions"},"message":"[runtime-status] [7728] Resolved module firebase-admin {\"declared\":true,\"installed\":true,\"version\":\"8.13.0\",\"resolution\":\"C:\\\\webdevprojects\\\\amazon-clone-react\\\\functions\\\\node_modules\\\\firebase-admin\\\\lib\\\\index.js\"}"}}
[debug] [2020-09-13T08:34:23.874Z] [runtime-status] [7728] Resolved module firebase-functions {"declared":true,"installed":true,"version":"3.11.0","resolution":"C:\\webdevprojects\\amazon-clone-react\\functions\\node_modules\\firebase-functions\\lib\\index.js"} {"metadata":{"emulator":{"name":"functions"},"message":"[runtime-status] [7728] Resolved module firebase-functions {\"declared\":true,\"installed\":true,\"version\":\"3.11.0\",\"resolution\":\"C:\\\\webdevprojects\\\\amazon-clone-react\\\\functions\\\\node_modules\\\\firebase-functions\\\\lib\\\\index.js\"}"}}
[debug] [2020-09-13T08:34:23.874Z] [runtime-status] [7728] firebase-admin has been stubbed. {"adminResolution":{"declared":true,"installed":true,"version":"8.13.0","resolution":"C:\\webdevprojects\\amazon-clone-react\\functions\\node_modules\\firebase-admin\\lib\\index.js"}} {"metadata":{"emulator":{"name":"functions"},"message":"[runtime-status] [7728] firebase-admin has been stubbed. {\"adminResolution\":{\"declared\":true,\"installed\":true,\"version\":\"8.13.0\",\"resolution\":\"C:\\\\webdevprojects\\\\amazon-clone-react\\\\functions\\\\node_modules\\\\firebase-admin\\\\lib\\\\index.js\"}}"}}
[debug] [2020-09-13T08:34:24.077Z] [worker-~diagnostic~-0f82381e-5d54-4ab9-9aad-ec11832d870f]: IDLE {"metadata":{"emulator":{"name":"functions"},"message":"[worker-~diagnostic~-0f82381e-5d54-4ab9-9aad-ec11832d870f]: IDLE"}}
[debug] [2020-09-13T08:34:30.576Z] [work-queue] {"queueLength":1,"workRunningCount":0}
[debug] [2020-09-13T08:34:30.578Z] [work-queue] {"queueLength":0,"workRunningCount":1}
[debug] [2020-09-13T08:34:30.578Z] Accepted request GET /clone-react-133ca/us-central1/api --> api
[debug] [2020-09-13T08:34:30.578Z] [worker-pool] Cleaned up workers for ~diagnostic~: 2 --> 1 {"metadata":{"emulator":{"name":"functions"},"message":"[worker-pool] Cleaned up workers for ~diagnostic~: 2 --> 1"}}
[debug] [2020-09-13T08:34:30.579Z] [worker-pool] Cleaned up workers for api: 1 --> 0 {"metadata":{"emulator":{"name":"functions"},"message":"[worker-pool] Cleaned up workers for api: 1 --> 0"}}
[debug] [2020-09-13T08:34:30.586Z] [worker-pool] addWorker(api) {"metadata":{"emulator":{"name":"functions"},"message":"[worker-pool] addWorker(api)"}}
[debug] [2020-09-13T08:34:30.586Z] [worker-pool] Adding worker with key api, total=1 {"metadata":{"emulator":{"name":"functions"},"message":"[worker-pool] Adding worker with key api, total=1"}}
[debug] [2020-09-13T08:34:30.587Z] [worker-pool] submitWork(triggerId=api) {"metadata":{"emulator":{"name":"functions"},"message":"[worker-pool] submitWork(triggerId=api)"}}
[debug] [2020-09-13T08:34:30.587Z] [worker-api-4bce5e78-dd5d-489d-916f-5e2bbf18f498]: Assigning socketPath: \\?\pipe\C:\webdevprojects\amazon-clone-react\functions\5304 {"metadata":{"emulator":{"name":"functions"},"message":"[worker-api-4bce5e78-dd5d-489d-916f-5e2bbf18f498]: Assigning socketPath: \\\\?\\pipe\\C:\\webdevprojects\\amazon-clone-react\\functions\\5304"}}
[debug] [2020-09-13T08:34:30.587Z] [worker-api-4bce5e78-dd5d-489d-916f-5e2bbf18f498]: BUSY {"metadata":{"emulator":{"name":"functions"},"message":"[worker-api-4bce5e78-dd5d-489d-916f-5e2bbf18f498]: BUSY"}}
[debug] [2020-09-13T08:34:31.161Z] [runtime-status] [5304] Functions runtime initialized. {"cwd":"C:\\webdevprojects\\amazon-clone-react\\functions","node_version":"14.9.0"} {"metadata":{"emulator":{"name":"functions"},"function":{"name":"api"},"message":"[runtime-status] [5304] Functions runtime initialized. {\"cwd\":\"C:\\\\webdevprojects\\\\amazon-clone-react\\\\functions\",\"node_version\":\"14.9.0\"}"}}
[debug] [2020-09-13T08:34:31.167Z] [runtime-status] [5304] Disabled runtime features: undefined {"metadata":{"emulator":{"name":"functions"},"function":{"name":"api"},"message":"[runtime-status] [5304] Disabled runtime features: undefined"}}
[debug] [2020-09-13T08:34:31.171Z] [runtime-status] [5304] Resolved module firebase-admin {"declared":true,"installed":true,"version":"8.13.0","resolution":"C:\\webdevprojects\\amazon-clone-react\\functions\\node_modules\\firebase-admin\\lib\\index.js"} {"metadata":{"emulator":{"name":"functions"},"function":{"name":"api"},"message":"[runtime-status] [5304] Resolved module firebase-admin {\"declared\":true,\"installed\":true,\"version\":\"8.13.0\",\"resolution\":\"C:\\\\webdevprojects\\\\amazon-clone-react\\\\functions\\\\node_modules\\\\firebase-admin\\\\lib\\\\index.js\"}"}}
[debug] [2020-09-13T08:34:31.174Z] [runtime-status] [5304] Resolved module firebase-functions {"declared":true,"installed":true,"version":"3.11.0","resolution":"C:\\webdevprojects\\amazon-clone-react\\functions\\node_modules\\firebase-functions\\lib\\index.js"} {"metadata":{"emulator":{"name":"functions"},"function":{"name":"api"},"message":"[runtime-status] [5304] Resolved module firebase-functions {\"declared\":true,\"installed\":true,\"version\":\"3.11.0\",\"resolution\":\"C:\\\\webdevprojects\\\\amazon-clone-react\\\\functions\\\\node_modules\\\\firebase-functions\\\\lib\\\\index.js\"}"}}
[debug] [2020-09-13T08:34:31.176Z] [runtime-status] [5304] Resolved module firebase-functions {"declared":true,"installed":true,"version":"3.11.0","resolution":"C:\\webdevprojects\\amazon-clone-react\\functions\\node_modules\\firebase-functions\\lib\\index.js"} {"metadata":{"emulator":{"name":"functions"},"function":{"name":"api"},"message":"[runtime-status] [5304] Resolved module firebase-functions {\"declared\":true,\"installed\":true,\"version\":\"3.11.0\",\"resolution\":\"C:\\\\webdevprojects\\\\amazon-clone-react\\\\functions\\\\node_modules\\\\firebase-functions\\\\lib\\\\index.js\"}"}}
[debug] [2020-09-13T08:34:31.179Z] [runtime-status] [5304] Outgoing network have been stubbed. [{"name":"http","status":"mocked"},{"name":"http","status":"mocked"},{"name":"https","status":"mocked"},{"name":"https","status":"mocked"},{"name":"net","status":"mocked"}] {"metadata":{"emulator":{"name":"functions"},"function":{"name":"api"},"message":"[runtime-status] [5304] Outgoing network have been stubbed. [{\"name\":\"http\",\"status\":\"mocked\"},{\"name\":\"http\",\"status\":\"mocked\"},{\"name\":\"https\",\"status\":\"mocked\"},{\"name\":\"https\",\"status\":\"mocked\"},{\"name\":\"net\",\"status\":\"mocked\"}]"}}
[debug] [2020-09-13T08:34:31.179Z] [runtime-status] [5304] Resolved module firebase-functions {"declared":true,"installed":true,"version":"3.11.0","resolution":"C:\\webdevprojects\\amazon-clone-react\\functions\\node_modules\\firebase-functions\\lib\\index.js"} {"metadata":{"emulator":{"name":"functions"},"function":{"name":"api"},"message":"[runtime-status] [5304] Resolved module firebase-functions {\"declared\":true,\"installed\":true,\"version\":\"3.11.0\",\"resolution\":\"C:\\\\webdevprojects\\\\amazon-clone-react\\\\functions\\\\node_modules\\\\firebase-functions\\\\lib\\\\index.js\"}"}}
[debug] [2020-09-13T08:34:31.244Z] [runtime-status] [5304] Checked functions.config() {"config":{}} {"metadata":{"emulator":{"name":"functions"},"function":{"name":"api"},"message":"[runtime-status] [5304] Checked functions.config() {\"config\":{}}"}}
[debug] [2020-09-13T08:34:31.245Z] [runtime-status] [5304] firebase-functions has been stubbed. {"functionsResolution":{"declared":true,"installed":true,"version":"3.11.0","resolution":"C:\\webdevprojects\\amazon-clone-react\\functions\\node_modules\\firebase-functions\\lib\\index.js"}} {"metadata":{"emulator":{"name":"functions"},"function":{"name":"api"},"message":"[runtime-status] [5304] firebase-functions has been stubbed. {\"functionsResolution\":{\"declared\":true,\"installed\":true,\"version\":\"3.11.0\",\"resolution\":\"C:\\\\webdevprojects\\\\amazon-clone-react\\\\functions\\\\node_modules\\\\firebase-functions\\\\lib\\\\index.js\"}}"}}
[debug] [2020-09-13T08:34:31.245Z] [runtime-status] [5304] Resolved module firebase-functions {"declared":true,"installed":true,"version":"3.11.0","resolution":"C:\\webdevprojects\\amazon-clone-react\\functions\\node_modules\\firebase-functions\\lib\\index.js"} {"metadata":{"emulator":{"name":"functions"},"function":{"name":"api"},"message":"[runtime-status] [5304] Resolved module firebase-functions {\"declared\":true,\"installed\":true,\"version\":\"3.11.0\",\"resolution\":\"C:\\\\webdevprojects\\\\amazon-clone-react\\\\functions\\\\node_modules\\\\firebase-functions\\\\lib\\\\index.js\"}"}}
[debug] [2020-09-13T08:34:31.247Z] [runtime-status] [5304] Resolved module firebase-admin {"declared":true,"installed":true,"version":"8.13.0","resolution":"C:\\webdevprojects\\amazon-clone-react\\functions\\node_modules\\firebase-admin\\lib\\index.js"} {"metadata":{"emulator":{"name":"functions"},"function":{"name":"api"},"message":"[runtime-status] [5304] Resolved module firebase-admin {\"declared\":true,\"installed\":true,\"version\":\"8.13.0\",\"resolution\":\"C:\\\\webdevprojects\\\\amazon-clone-react\\\\functions\\\\node_modules\\\\firebase-admin\\\\lib\\\\index.js\"}"}}
[debug] [2020-09-13T08:34:31.248Z] [runtime-status] [5304] Resolved module firebase-functions {"declared":true,"installed":true,"version":"3.11.0","resolution":"C:\\webdevprojects\\amazon-clone-react\\functions\\node_modules\\firebase-functions\\lib\\index.js"} {"metadata":{"emulator":{"name":"functions"},"function":{"name":"api"},"message":"[runtime-status] [5304] Resolved module firebase-functions {\"declared\":true,\"installed\":true,\"version\":\"3.11.0\",\"resolution\":\"C:\\\\webdevprojects\\\\amazon-clone-react\\\\functions\\\\node_modules\\\\firebase-functions\\\\lib\\\\index.js\"}"}}
[debug] [2020-09-13T08:34:31.248Z] [runtime-status] [5304] firebase-admin has been stubbed. {"adminResolution":{"declared":true,"installed":true,"version":"8.13.0","resolution":"C:\\webdevprojects\\amazon-clone-react\\functions\\node_modules\\firebase-admin\\lib\\index.js"}} {"metadata":{"emulator":{"name":"functions"},"function":{"name":"api"},"message":"[runtime-status] [5304] firebase-admin has been stubbed. {\"adminResolution\":{\"declared\":true,\"installed\":true,\"version\":\"8.13.0\",\"resolution\":\"C:\\\\webdevprojects\\\\amazon-clone-react\\\\functions\\\\node_modules\\\\firebase-admin\\\\lib\\\\index.js\"}}"}}
[debug] [2020-09-13T08:34:31.463Z] [runtime-status] [5304] Trigger "api" has been found, beginning invocation! {"metadata":{"emulator":{"name":"functions"},"function":{"name":"api"},"message":"[runtime-status] [5304] Trigger \"api\" has been found, beginning invocation!"}}
[info] i  functions: Beginning execution of "api" {"metadata":{"emulator":{"name":"functions"},"function":{"name":"api"},"message":"Beginning execution of \"api\""}}
[debug] [2020-09-13T08:34:31.465Z] [runtime-status] [5304] triggerDefinition {"httpsTrigger":{},"name":"api","entryPoint":"api"} {"metadata":{"emulator":{"name":"functions"},"function":{"name":"api"},"message":"[runtime-status] [5304] triggerDefinition {\"httpsTrigger\":{},\"name\":\"api\",\"entryPoint\":\"api\"}"}}
[debug] [2020-09-13T08:34:31.465Z] [runtime-status] [5304] Running api in mode HTTPS {"metadata":{"emulator":{"name":"functions"},"function":{"name":"api"},"message":"[runtime-status] [5304] Running api in mode HTTPS"}}
[debug] [2020-09-13T08:34:31.469Z] [runtime-status] [5304] Attempting to listen to socketPath: \\?\pipe\C:\webdevprojects\amazon-clone-react\functions\5304 {"metadata":{"emulator":{"name":"functions"},"function":{"name":"api"},"message":"[runtime-status] [5304] Attempting to listen to socketPath: \\\\?\\pipe\\C:\\webdevprojects\\amazon-clone-react\\functions\\5304"}}
[debug] [2020-09-13T08:34:31.472Z] [functions] Runtime ready! Sending request! {"metadata":{"emulator":{"name":"functions"},"message":"[functions] Runtime ready! Sending request!"}}
[debug] [2020-09-13T08:34:31.479Z] [runtime-status] [5304] Ephemeral server handling GET request {"metadata":{"emulator":{"name":"functions"},"function":{"name":"api"},"message":"[runtime-status] [5304] Ephemeral server handling GET request"}}
[debug] [2020-09-13T08:34:31.488Z] [runtime-status] [5304] Ephemeral server survived. {"metadata":{"emulator":{"name":"functions"},"function":{"name":"api"},"message":"[runtime-status] [5304] Ephemeral server survived."}}
[info] i  functions: Finished "api" in ~1s {"metadata":{"emulator":{"name":"functions"},"function":{"name":"api"},"message":"Finished \"api\" in ~1s"}}
[debug] [2020-09-13T08:34:31.492Z] [worker-api-4bce5e78-dd5d-489d-916f-5e2bbf18f498]: IDLE {"metadata":{"emulator":{"name":"functions"},"message":"[worker-api-4bce5e78-dd5d-489d-916f-5e2bbf18f498]: IDLE"}}
[debug] [2020-09-13T08:34:31.492Z] [work-queue] {"queueLength":0,"workRunningCount":0}
[debug] [2020-09-13T08:44:14.705Z] File C:\webdevprojects\amazon-clone-react\functions\index.js changed, reloading triggers {"metadata":{"emulator":{"name":"functions"},"message":"File C:\\webdevprojects\\amazon-clone-react\\functions\\index.js changed, reloading triggers"}}
[debug] [2020-09-13T08:44:15.706Z] [worker-pool] Shutting down IDLE worker (~diagnostic~) {"metadata":{"emulator":{"name":"functions"},"message":"[worker-pool] Shutting down IDLE worker (~diagnostic~)"}}
[debug] [2020-09-13T08:44:15.706Z] [worker-~diagnostic~-0f82381e-5d54-4ab9-9aad-ec11832d870f]: FINISHING {"metadata":{"emulator":{"name":"functions"},"message":"[worker-~diagnostic~-0f82381e-5d54-4ab9-9aad-ec11832d870f]: FINISHING"}}
[debug] [2020-09-13T08:44:15.706Z] [worker-pool] Shutting down IDLE worker (api) {"metadata":{"emulator":{"name":"functions"},"message":"[worker-pool] Shutting down IDLE worker (api)"}}
[debug] [2020-09-13T08:44:15.706Z] [worker-api-4bce5e78-dd5d-489d-916f-5e2bbf18f498]: FINISHING {"metadata":{"emulator":{"name":"functions"},"message":"[worker-api-4bce5e78-dd5d-489d-916f-5e2bbf18f498]: FINISHING"}}
[debug] [2020-09-13T08:44:15.715Z] [worker-pool] addWorker(~diagnostic~) {"metadata":{"emulator":{"name":"functions"},"message":"[worker-pool] addWorker(~diagnostic~)"}}
[debug] [2020-09-13T08:44:15.715Z] [worker-pool] Adding worker with key ~diagnostic~, total=2 {"metadata":{"emulator":{"name":"functions"},"message":"[worker-pool] Adding worker with key ~diagnostic~, total=2"}}
[debug] [2020-09-13T08:44:15.715Z] [worker-pool] submitWork(triggerId=) {"metadata":{"emulator":{"name":"functions"},"message":"[worker-pool] submitWork(triggerId=)"}}
[debug] [2020-09-13T08:44:15.715Z] [worker-~diagnostic~-a59e88c3-5370-4254-a676-bbc798b8d20e]: Assigning socketPath: \\?\pipe\C:\webdevprojects\amazon-clone-react\functions\9632 {"metadata":{"emulator":{"name":"functions"},"message":"[worker-~diagnostic~-a59e88c3-5370-4254-a676-bbc798b8d20e]: Assigning socketPath: \\\\?\\pipe\\C:\\webdevprojects\\amazon-clone-react\\functions\\9632"}}
[debug] [2020-09-13T08:44:15.715Z] [worker-~diagnostic~-a59e88c3-5370-4254-a676-bbc798b8d20e]: BUSY {"metadata":{"emulator":{"name":"functions"},"message":"[worker-~diagnostic~-a59e88c3-5370-4254-a676-bbc798b8d20e]: BUSY"}}
[debug] [2020-09-13T08:44:15.716Z] [worker-api-4bce5e78-dd5d-489d-916f-5e2bbf18f498]: exited {"metadata":{"emulator":{"name":"functions"},"message":"[worker-api-4bce5e78-dd5d-489d-916f-5e2bbf18f498]: exited"}}
[debug] [2020-09-13T08:44:15.716Z] [worker-api-4bce5e78-dd5d-489d-916f-5e2bbf18f498]: FINISHED {"metadata":{"emulator":{"name":"functions"},"message":"[worker-api-4bce5e78-dd5d-489d-916f-5e2bbf18f498]: FINISHED"}}
[debug] [2020-09-13T08:44:15.716Z] [worker-~diagnostic~-0f82381e-5d54-4ab9-9aad-ec11832d870f]: exited {"metadata":{"emulator":{"name":"functions"},"message":"[worker-~diagnostic~-0f82381e-5d54-4ab9-9aad-ec11832d870f]: exited"}}
[debug] [2020-09-13T08:44:15.716Z] [worker-~diagnostic~-0f82381e-5d54-4ab9-9aad-ec11832d870f]: FINISHED {"metadata":{"emulator":{"name":"functions"},"message":"[worker-~diagnostic~-0f82381e-5d54-4ab9-9aad-ec11832d870f]: FINISHED"}}
[debug] [2020-09-13T08:44:16.293Z] [runtime-status] [9632] Functions runtime initialized. {"cwd":"C:\\webdevprojects\\amazon-clone-react\\functions","node_version":"14.9.0"} {"metadata":{"emulator":{"name":"functions"},"message":"[runtime-status] [9632] Functions runtime initialized. {\"cwd\":\"C:\\\\webdevprojects\\\\amazon-clone-react\\\\functions\",\"node_version\":\"14.9.0\"}"}}
[debug] [2020-09-13T08:44:16.293Z] [runtime-status] [9632] Disabled runtime features: undefined {"metadata":{"emulator":{"name":"functions"},"message":"[runtime-status] [9632] Disabled runtime features: undefined"}}
[debug] [2020-09-13T08:44:16.309Z] [runtime-status] [9632] Resolved module firebase-admin {"declared":true,"installed":true,"version":"8.13.0","resolution":"C:\\webdevprojects\\amazon-clone-react\\functions\\node_modules\\firebase-admin\\lib\\index.js"} {"metadata":{"emulator":{"name":"functions"},"message":"[runtime-status] [9632] Resolved module firebase-admin {\"declared\":true,\"installed\":true,\"version\":\"8.13.0\",\"resolution\":\"C:\\\\webdevprojects\\\\amazon-clone-react\\\\functions\\\\node_modules\\\\firebase-admin\\\\lib\\\\index.js\"}"}}
[debug] [2020-09-13T08:44:16.309Z] [runtime-status] [9632] Resolved module firebase-functions {"declared":true,"installed":true,"version":"3.11.0","resolution":"C:\\webdevprojects\\amazon-clone-react\\functions\\node_modules\\firebase-functions\\lib\\index.js"} {"metadata":{"emulator":{"name":"functions"},"message":"[runtime-status] [9632] Resolved module firebase-functions {\"declared\":true,\"installed\":true,\"version\":\"3.11.0\",\"resolution\":\"C:\\\\webdevprojects\\\\amazon-clone-react\\\\functions\\\\node_modules\\\\firebase-functions\\\\lib\\\\index.js\"}"}}
[debug] [2020-09-13T08:44:16.309Z] [runtime-status] [9632] Resolved module firebase-functions {"declared":true,"installed":true,"version":"3.11.0","resolution":"C:\\webdevprojects\\amazon-clone-react\\functions\\node_modules\\firebase-functions\\lib\\index.js"} {"metadata":{"emulator":{"name":"functions"},"message":"[runtime-status] [9632] Resolved module firebase-functions {\"declared\":true,\"installed\":true,\"version\":\"3.11.0\",\"resolution\":\"C:\\\\webdevprojects\\\\amazon-clone-react\\\\functions\\\\node_modules\\\\firebase-functions\\\\lib\\\\index.js\"}"}}
[debug] [2020-09-13T08:44:16.309Z] [runtime-status] [9632] Outgoing network have been stubbed. [{"name":"http","status":"mocked"},{"name":"http","status":"mocked"},{"name":"https","status":"mocked"},{"name":"https","status":"mocked"},{"name":"net","status":"mocked"}] {"metadata":{"emulator":{"name":"functions"},"message":"[runtime-status] [9632] Outgoing network have been stubbed. [{\"name\":\"http\",\"status\":\"mocked\"},{\"name\":\"http\",\"status\":\"mocked\"},{\"name\":\"https\",\"status\":\"mocked\"},{\"name\":\"https\",\"status\":\"mocked\"},{\"name\":\"net\",\"status\":\"mocked\"}]"}}
[debug] [2020-09-13T08:44:16.309Z] [runtime-status] [9632] Resolved module firebase-functions {"declared":true,"installed":true,"version":"3.11.0","resolution":"C:\\webdevprojects\\amazon-clone-react\\functions\\node_modules\\firebase-functions\\lib\\index.js"} {"metadata":{"emulator":{"name":"functions"},"message":"[runtime-status] [9632] Resolved module firebase-functions {\"declared\":true,\"installed\":true,\"version\":\"3.11.0\",\"resolution\":\"C:\\\\webdevprojects\\\\amazon-clone-react\\\\functions\\\\node_modules\\\\firebase-functions\\\\lib\\\\index.js\"}"}}
[debug] [2020-09-13T08:44:16.393Z] [runtime-status] [9632] Checked functions.config() {"config":{}} {"metadata":{"emulator":{"name":"functions"},"message":"[runtime-status] [9632] Checked functions.config() {\"config\":{}}"}}
[debug] [2020-09-13T08:44:16.393Z] [runtime-status] [9632] firebase-functions has been stubbed. {"functionsResolution":{"declared":true,"installed":true,"version":"3.11.0","resolution":"C:\\webdevprojects\\amazon-clone-react\\functions\\node_modules\\firebase-functions\\lib\\index.js"}} {"metadata":{"emulator":{"name":"functions"},"message":"[runtime-status] [9632] firebase-functions has been stubbed. {\"functionsResolution\":{\"declared\":true,\"installed\":true,\"version\":\"3.11.0\",\"resolution\":\"C:\\\\webdevprojects\\\\amazon-clone-react\\\\functions\\\\node_modules\\\\firebase-functions\\\\lib\\\\index.js\"}}"}}
[debug] [2020-09-13T08:44:16.393Z] [runtime-status] [9632] Resolved module firebase-functions {"declared":true,"installed":true,"version":"3.11.0","resolution":"C:\\webdevprojects\\amazon-clone-react\\functions\\node_modules\\firebase-functions\\lib\\index.js"} {"metadata":{"emulator":{"name":"functions"},"message":"[runtime-status] [9632] Resolved module firebase-functions {\"declared\":true,\"installed\":true,\"version\":\"3.11.0\",\"resolution\":\"C:\\\\webdevprojects\\\\amazon-clone-react\\\\functions\\\\node_modules\\\\firebase-functions\\\\lib\\\\index.js\"}"}}
[debug] [2020-09-13T08:44:16.393Z] [runtime-status] [9632] Resolved module firebase-admin {"declared":true,"installed":true,"version":"8.13.0","resolution":"C:\\webdevprojects\\amazon-clone-react\\functions\\node_modules\\firebase-admin\\lib\\index.js"} {"metadata":{"emulator":{"name":"functions"},"message":"[runtime-status] [9632] Resolved module firebase-admin {\"declared\":true,\"installed\":true,\"version\":\"8.13.0\",\"resolution\":\"C:\\\\webdevprojects\\\\amazon-clone-react\\\\functions\\\\node_modules\\\\firebase-admin\\\\lib\\\\index.js\"}"}}
[debug] [2020-09-13T08:44:16.393Z] [runtime-status] [9632] Resolved module firebase-functions {"declared":true,"installed":true,"version":"3.11.0","resolution":"C:\\webdevprojects\\amazon-clone-react\\functions\\node_modules\\firebase-functions\\lib\\index.js"} {"metadata":{"emulator":{"name":"functions"},"message":"[runtime-status] [9632] Resolved module firebase-functions {\"declared\":true,\"installed\":true,\"version\":\"3.11.0\",\"resolution\":\"C:\\\\webdevprojects\\\\amazon-clone-react\\\\functions\\\\node_modules\\\\firebase-functions\\\\lib\\\\index.js\"}"}}
[debug] [2020-09-13T08:44:16.393Z] [runtime-status] [9632] firebase-admin has been stubbed. {"adminResolution":{"declared":true,"installed":true,"version":"8.13.0","resolution":"C:\\webdevprojects\\amazon-clone-react\\functions\\node_modules\\firebase-admin\\lib\\index.js"}} {"metadata":{"emulator":{"name":"functions"},"message":"[runtime-status] [9632] firebase-admin has been stubbed. {\"adminResolution\":{\"declared\":true,\"installed\":true,\"version\":\"8.13.0\",\"resolution\":\"C:\\\\webdevprojects\\\\amazon-clone-react\\\\functions\\\\node_modules\\\\firebase-admin\\\\lib\\\\index.js\"}}"}}
[debug] [2020-09-13T08:44:16.650Z] [worker-~diagnostic~-a59e88c3-5370-4254-a676-bbc798b8d20e]: IDLE {"metadata":{"emulator":{"name":"functions"},"message":"[worker-~diagnostic~-a59e88c3-5370-4254-a676-bbc798b8d20e]: IDLE"}}
